<<<<<<< Updated upstream
=======
[1031/163432.609:ERROR:directory_reader_win.cc(43)] FindFirstFile: ÏµÍ³ï¿½Ò²ï¿½ï¿½ï¿½Ö¸ï¿½ï¿½ï¿½ï¿½Â·ï¿½ï¿½ï¿½ï¿½ (0x3)
[1031/175542.913:ERROR:directory_reader_win.cc(43)] FindFirstFile: ÏµÍ³ï¿½Ò²ï¿½ï¿½ï¿½Ö¸ï¿½ï¿½ï¿½ï¿½Â·ï¿½ï¿½ï¿½ï¿½ (0x3)
[1031/190931.031:ERROR:directory_reader_win.cc(43)] FindFirstFile: ÏµÍ³ï¿½Ò²ï¿½ï¿½ï¿½Ö¸ï¿½ï¿½ï¿½ï¿½Â·ï¿½ï¿½ï¿½ï¿½ (0x3)
[1101/113127.897:ERROR:directory_reader_win.cc(43)] FindFirstFile: ÏµÍ³ï¿½Ò²ï¿½ï¿½ï¿½Ö¸ï¿½ï¿½ï¿½ï¿½Â·ï¿½ï¿½ï¿½ï¿½ (0x3)
[1101/115829.488:ERROR:directory_reader_win.cc(43)] FindFirstFile: ÏµÍ³ï¿½Ò²ï¿½ï¿½ï¿½Ö¸ï¿½ï¿½ï¿½ï¿½Â·ï¿½ï¿½ï¿½ï¿½ (0x3)
[1102/234452.786:ERROR:directory_reader_win.cc(43)] FindFirstFile: ÏµÍ³ï¿½Ò²ï¿½ï¿½ï¿½Ö¸ï¿½ï¿½ï¿½ï¿½Â·ï¿½ï¿½ï¿½ï¿½ (0x3)
[1101/124224.842:ERROR:directory_reader_win.cc(43)] FindFirstFile: ÏµÍ³ï¿½Ò²ï¿½ï¿½ï¿½Ö¸ï¿½ï¿½ï¿½ï¿½Â·ï¿½ï¿½ï¿½ï¿½ (0x3)
[1101/155140.393:ERROR:directory_reader_win.cc(43)] FindFirstFile: ÏµÍ³ï¿½Ò²ï¿½ï¿½ï¿½Ö¸ï¿½ï¿½ï¿½ï¿½Â·ï¿½ï¿½ï¿½ï¿½ (0x3)
[1102/235638.940:ERROR:directory_reader_win.cc(43)] FindFirstFile: ÏµÍ³ï¿½Ò²ï¿½ï¿½ï¿½Ö¸ï¿½ï¿½ï¿½ï¿½Â·ï¿½ï¿½ï¿½ï¿½ (0x3)
[1122/204836.770:ERROR:directory_reader_win.cc(43)] FindFirstFile: ÏµÍ³ï¿½Ò²ï¿½ï¿½ï¿½Ö¸ï¿½ï¿½ï¿½ï¿½Â·ï¿½ï¿½ï¿½ï¿½ (0x3)
[1123/214013.880:ERROR:directory_reader_win.cc(43)] FindFirstFile: ÏµÍ³ï¿½Ò²ï¿½ï¿½ï¿½Ö¸ï¿½ï¿½ï¿½ï¿½Â·ï¿½ï¿½ï¿½ï¿½ (0x3)
[1123/232430.325:ERROR:directory_reader_win.cc(43)] FindFirstFile: ÏµÍ³ï¿½Ò²ï¿½ï¿½ï¿½Ö¸ï¿½ï¿½ï¿½ï¿½Â·ï¿½ï¿½ï¿½ï¿½ (0x3)
[1125/153151.694:ERROR:directory_reader_win.cc(43)] FindFirstFile: ÏµÍ³ÕÒ²»µ½Ö¸¶¨µÄÂ·¾¶¡£ (0x3)
[1125/164517.329:ERROR:directory_reader_win.cc(43)] FindFirstFile: ÏµÍ³ÕÒ²»µ½Ö¸¶¨µÄÂ·¾¶¡£ (0x3)
[1125/190405.943:ERROR:directory_reader_win.cc(43)] FindFirstFile: ÏµÍ³ÕÒ²»µ½Ö¸¶¨µÄÂ·¾¶¡£ (0x3)
[1125/235412.395:ERROR:directory_reader_win.cc(43)] FindFirstFile: ÏµÍ³ÕÒ²»µ½Ö¸¶¨µÄÂ·¾¶¡£ (0x3)
[1126/142042.280:ERROR:directory_reader_win.cc(43)] FindFirstFile: ÏµÍ³ÕÒ²»µ½Ö¸¶¨µÄÂ·¾¶¡£ (0x3)
[1126/223044.733:ERROR:directory_reader_win.cc(43)] FindFirstFile: ÏµÍ³ÕÒ²»µ½Ö¸¶¨µÄÂ·¾¶¡£ (0x3)
>>>>>>> Stashed changes
